  Game.cpp
  funcs.cpp
C:\Users\Pinetree\source\repos\openopen\openopen\funcs.cpp(32,50): warning C4244: "argument": konwersja z "double" do "_Tp", możliwa utrata danych
          with
          [
              _Tp=int
          ]
C:\Users\Pinetree\source\repos\openopen\openopen\funcs.cpp(33,70): warning C4244: "argument": konwersja z "double" do "_Tp", możliwa utrata danych
          with
          [
              _Tp=int
          ]
C:\Users\Pinetree\source\repos\openopen\openopen\funcs.cpp(44,73): warning C4244: "argument": konwersja z "double" do "_Tp", możliwa utrata danych
          with
          [
              _Tp=int
          ]
  main.cpp
  move.cpp
  Generowanie kodu...
  openopen.vcxproj -> C:\Users\Pinetree\source\repos\openopen\x64\Debug\openopen.exe
